[debug] [2025-03-01T12:02:24.710Z] ----------------------------------------------------------------------
[debug] [2025-03-01T12:02:24.714Z] Command:       C:\Program Files\nodejs\node.exe C:\Users\shiva\AppData\Roaming\npm\node_modules\firebase-tools\lib\bin\firebase.js deploy
[debug] [2025-03-01T12:02:24.715Z] CLI Version:   13.31.2
[debug] [2025-03-01T12:02:24.715Z] Platform:      win32
[debug] [2025-03-01T12:02:24.715Z] Node Version:  v20.17.0
[debug] [2025-03-01T12:02:24.716Z] Time:          Sat Mar 01 2025 17:32:24 GMT+0530 (India Standard Time)
[debug] [2025-03-01T12:02:24.716Z] ----------------------------------------------------------------------
[debug] 
[debug] [2025-03-01T12:02:25.124Z] > command requires scopes: ["email","openid","https://www.googleapis.com/auth/cloudplatformprojects.readonly","https://www.googleapis.com/auth/firebase","https://www.googleapis.com/auth/cloud-platform"]
[debug] [2025-03-01T12:02:25.125Z] > authorizing via signed-in user (todotify02@gmail.com)
[debug] [2025-03-01T12:02:25.125Z] [iam] checking project todotify-912e9 for permissions ["firebase.projects.get","firebasehosting.sites.update"]
[debug] [2025-03-01T12:02:25.127Z] Checked if tokens are valid: false, expires at: 1740825226759
[debug] [2025-03-01T12:02:25.127Z] Checked if tokens are valid: false, expires at: 1740825226759
[debug] [2025-03-01T12:02:25.128Z] > refreshing access token with scopes: []
[debug] [2025-03-01T12:02:25.130Z] >>> [apiv2][query] POST https://www.googleapis.com/oauth2/v3/token [none]
[debug] [2025-03-01T12:02:25.131Z] >>> [apiv2][body] POST https://www.googleapis.com/oauth2/v3/token [omitted]
[debug] [2025-03-01T12:02:25.543Z] <<< [apiv2][status] POST https://www.googleapis.com/oauth2/v3/token 200
[debug] [2025-03-01T12:02:25.543Z] <<< [apiv2][body] POST https://www.googleapis.com/oauth2/v3/token [omitted]
[debug] [2025-03-01T12:02:25.553Z] >>> [apiv2][query] POST https://cloudresourcemanager.googleapis.com/v1/projects/todotify-912e9:testIamPermissions [none]
[debug] [2025-03-01T12:02:25.553Z] >>> [apiv2][(partial)header] POST https://cloudresourcemanager.googleapis.com/v1/projects/todotify-912e9:testIamPermissions x-goog-quota-user=projects/todotify-912e9
[debug] [2025-03-01T12:02:25.553Z] >>> [apiv2][body] POST https://cloudresourcemanager.googleapis.com/v1/projects/todotify-912e9:testIamPermissions {"permissions":["firebase.projects.get","firebasehosting.sites.update"]}
